[12803358]waybridge.c:1620:main(): wl_display() finished
[12803373]waybridge.c:1153:process_group(): process wayland
[2926575.922]  -> wl_display@1.get_registry(new id wl_registry@2)
[2926576.148]  -> wl_display@1.sync(new id wl_callback@3)
[12803375]waybridge.c:1153:process_group(): process wayland
[12803375]waybridge.c:1153:process_group(): process wayland
[2926577.053] wl_display@1.get_registry(new id wl_registry@2)
[2926577.287]  -> wl_registry@2.global(1, "wl_drm", 2)
[2926577.453]  -> wl_registry@2.global(2, "wl_compositor", 4)
[2926577.592]  -> wl_registry@2.global(3, "wl_shell", 1)
[2926577.719]  -> wl_registry@2.global(4, "wl_shm", 1)
[2926577.992]  -> wl_registry@2.global(5, "wl_seat", 7)
[2926578.102]  -> wl_registry@2.global(6, "wl_output", 2)
[2926578.210]  -> wl_registry@2.global(7, "zxdg_shell_v6", 1)
[2926578.319]  -> wl_registry@2.global(8, "xdg_wm_base", 1)
[2926578.430]  -> wl_registry@2.global(9, "wl_subcompositor", 1)
[2926578.537]  -> wl_registry@2.global(10, "wl_data_device_manager", 3)
[2926578.645]  -> wl_registry@2.global(11, "zwp_relative_pointer_manager_v1", 1)
[2926578.752]  -> wl_registry@2.global(12, "zwp_pointer_constraints_v1", 1)
[2926578.859]  -> wl_registry@2.global(13, "zxdg_output_manager_v1", 2)
[2926578.966]  -> wl_registry@2.global(14, "zxdg_decoration_manager_v1", 1)
[2926579.073]  -> wl_registry@2.global(15, "org_kde_kwin_server_decoration_manager", 1)
[2926579.199] wl_display@1.sync(new id wl_callback@3)
[2926579.268]  -> wl_callback@3.done(0)
[2926579.348]  -> wl_display@1.delete_id(3)
[12803378]waybridge.c:1153:process_group(): process wayland
[2926579.656] wl_display@1.delete_id(3)
[2926579.716] wl_registry@2.global(1, "wl_drm", 2)
[2926579.742] wl_registry@2.global(2, "wl_compositor", 4)
[2926579.773]  -> wl_registry@2.bind(2, "wl_compositor", 3, new id [unknown]@4)
[2926579.812] wl_registry@2.global(3, "wl_shell", 1)
[2926579.834]  -> wl_registry@2.bind(3, "wl_shell", 1, new id [unknown]@5)
[2926579.871] wl_registry@2.global(4, "wl_shm", 1)
[2926579.896]  -> wl_registry@2.bind(4, "wl_shm", 1, new id [unknown]@6)
[2926582.668]  -> wl_shm@6.create_pool(new id wl_shm_pool@7, fd 5, 4096)
[2926583.628]  -> wl_shm_pool@7.resize(8832)
[2926584.486]  -> wl_shm_pool@7.resize(18624)
[2926584.602] wl_registry@2.global(5, "wl_seat", 7)
[2926584.724]  -> wl_registry@2.bind(5, "wl_seat", 5, new id [unknown]@8)
[2926584.972] wl_registry@2.global([12803383]waybridge.c:1153:process_group(): process wayland
6, "wl_output", 2)
[2926585.104]  -> wl_registry@2.bind(6, "wl_output", 2, new id [unknown]@9)
[2926585.271] wl_registry@2.global(7, "zxdg_shell_v6", 1)
[2926585.390]  -> wl_registry@2.bind(7, "zxdg_shell_v6", 1, new id [unknown]@10)
[2926585.559] wl_registry@2.global(8, "xdg_wm_base", 1)
[2926585.681]  -> wl_registry@2.bind(8, "xdg_wm_base", 1, new id [unknown]@11)
[2926585.847] wl_registry@2.global(9, "wl_subcompositor", 1)
[2926585.963] wl_registry@2.global(10, "wl_data_device_manager", 3)
[2926586.079]  -> wl_registry@2.bind(10, "wl_data_device_manager", 3, new id [unknown]@12)
[2926586.258] wl_registry@2.global(11, "zwp_relative_pointer_manager_v1", 1)
[2926586.375]  -> wl_registry@2.bind(11, "zwp_relative_pointer_manager_v1", 1, new id [unknown]@13)
[2926586.542] wl_registry@2.global(12, "zwp_pointer_constraints_v1", 1)
[2926586.659]  -> wl_registry@2.bind(12, "zwp_pointer_constraints_v1", 1, new id [unknown]@14)
[2926586.825] wl_registry@2.global(13, "zxdg_output_manager_v1", 2)
[2926586.940] wl_registry@2.global(14, "zxdg_decoration_manager_v1", 1)
[2926587.056]  -> wl_registry@2.bind(14, "zxdg_decoration_manager_v1", 1, new id [unknown]@15)
[2926587.223] wl_registry@2.global(15, "org_kde_kwin_server_decoration_manager", 1)
[2926587.340]  -> wl_registry@2.bind(15, "org_kde_kwin_server_decoration_manager", 1, new id [unknown]@16)
[2926587.507] wl_callback@3.done(0)
[2926587.592]  -> wl_display@1.sync(new id wl_callback@3)
[2926587.700] wl_registry@2.bind(2, "wl_compositor", 3, new id [unknown]@4)
[12803386]bondage.c:17:bind_comp(): wl_bind(compositor 3:4)
[2926588.006] wl_registry@2.bind(3, "wl_shell", 1, new id [unknown]@5)
[12803386]bondage.c:99:bind_shell(): wl_bind(shell 1:5)
[2926588.039] wl_registry@2.bind(4, "wl_shm", 1, new id [unknown]@6)
[2926588.091]  -> wl_shm@6.format(0)
[2926588.102]  -> wl_shm@6.format(1)
[2926588.137] wl_shm@6.create_pool(new id wl_shm_pool@7, fd 17, 4096)
[2926588.187] wl_shm_pool@7.resize(8832)
[2926588.216] wl_shm_pool@7.resize(18624)
[2926588.231] wl_registry@2.bind(5, "wl_seat", 5, new id [unknown]@8)
[12803386]bondage.c:51:bind_seat(): wl_bind(seat 5:8) to 300b1505300
[12803386]waybridge.c:687:find_client(): connecting new bridge client
[12803444]waybridge.c:716:find_client(): retrieved new connection
[12803444]waybridge.c:372:alloc_group_id(): alloc_to(0 : 0)
[12803444]waybridge.c:274:dump_alloc(): alloc,slotmap:C_______________________________
[12803444]waybridge.c:751:find_client(): new client assigned to (0:0)
[12803444]waybridge.c:405:request_surface(): requesting-segment
[12803444]waybridge.c:426:request_surface(): segment-req source(cursor) -> 47806
[12803480]waybridge.c:372:alloc_group_id(): alloc_to(0 : 1)
[12803480]waybridge.c:274:dump_alloc(): alloc,slotmap:Cm______________________________
[12803480]waybridge.c:470:request_surface(): new surface assigned to (0:1) token: 2688450022
[12803480]waybridge.c:647:pointer_handler(): bridge-cursor to 7f7ffffd4f70
[2926682.115]  -> wl_seat@8.capabilities(7)
[2926683.088]  -> wl_seat@8.name("seat0")
[2926683.191] wl_registry@2.bind(6, "wl_output", 2, new id [unknown]@9)
[12803481]bondage.c:404:bind_output(): bind_output (geom: 1366*768)
[2926683.464]  -> wl_output@9.geometry(0, 0, 339, 190, 0, "unknown", "unknown", 0)
[2926683.762]  -> wl_output@9.mode(1, 1366, 768, 0)
[2926683.936]  -> wl_output@9.scale(1)
[2926683.993]  -> wl_output@9.done()
[2926684.035] wl_registry@2.bind(7, "zxdg_shell_v6", 1, new id [unknown]@10)
[12803482]bondage.c:112:bind_zxdg(): wl_bind(zxdg 1:10)
[2926684.228] wl_registry@2.bind(8, "xdg_wm_base", 1, new id [unknown]@11)
[12803482]bondage.c:125:bind_xdg(): wl_bind(xdg 1:11)
[2926684.415] wl_registry@2.bind(10, "wl_data_device_manager", 3, new id [unknown]@12)
[12803483]bondage.c:245:bind_ddev(): bind_ddev
[2926684.613] wl_registry@2.bind(11, "zwp_relative_pointer_manager_v1", 1, new id [unknown]@13)
[12803483]bondage.c:320:bind_relp(): bind_relp
[2926684.817] wl_registry@2.bind(12, "zwp_pointer_constraints_v1", 1, new id [unknown]@14)
[12803483]bondage.c:30:bind_cons(): wl_bind(constraints 1:14)
[2926685.020] wl_registry@2.bind(14, "zxdg_decoration_manager_v1", 1, new id [unknown]@15)
[12803483]bondage.c:280:bind_xdgdecor(): bind_xdg_decor
[2926685.215] wl_registry@2.bind(15, "org_kde_kwin_server_decoration_manager", 1, new id [unknown]@16)
[12803483]bondage.c:298:bind_kwindecor(): bind_xdg_decor
[2926685.408]  -> org_kde_kwin_server_decoration_manager@16.default_mode(2)
[2926685.461] wl_display@1.sync(new id wl_callback@3)
[2926685.533]  -> wl_callback@3.done(0)
[2926685.589]  -> wl_display@1.delete_id(3)
[2926685.686] wl_display@1.delete_id(3)
[2926685.745] wl_seat@8.capabilities(7)
[2926685.801]  -> wl_seat@8.get_pointer(new id wl_pointer@17)
[2926685.912]  -> wl_seat@8.get_touch(new id wl_touch@18)
[2926685.984]  -> wl_seat@8.get_keyboard(new id wl_keyboard@19)
[2926686.058] wl_seat@8.name("seat0")
[2926686.127] wl_output@9.geometry(0, 0, 339, 190, 0, "unknown", "unknown", 0)
[2926686.417] wl_output@9.mode(1, 1366, 768, 0)
[2926686.610] wl_output@9.scale(1)
[2926686.665] wl_output@9.done()
[2926686.708] wl_callback@3.done(0)
[2926686.798]  -> wl_shm_pool@7.create_buffer(new id wl_buffer@3, 4032, 10, 16, 40, 0)
[2926687.054]  -> wl_compositor@4.create_surface(new id wl_surface@20)
[2926687.207]  -> wl_pointer@17.set_cursor(0, wl_surface@20, 1, 1)
[2926687.386]  -> wl_surface@20.attach(wl_buffer@3, 0, 0)
[2926687.503]  -> wl_surface@20.damage(0, 0, 10, 16)
[2926687.657]  -> wl_surface@20.commit()
[12803498]waybridge.c:1153:process_group(): process wayland
[12803501]waybridge.c:618:destroy_client(): destroy client(0:0)
[12803501]waybridge.c:623:destroy_client(): destroy client-cursor(0:1)
[12803501]waybridge.c:274:dump_alloc(): reset,slotmap:C_______________________________
[12803501]waybridge.c:274:dump_alloc(): reset,slotmap:________________________________________________________________
[12803501]waybridge.c:628:destroy_client(): client destroyed
[12803501]waybridge.c:1166:process_group(): process bridge
